<?xml version="1.0" encoding="UTF-8"?>
<!-- Generated by org.testng.reporters.JUnitXMLReporter -->
<testsuite hostname="Lenovo" ignored="7" name="econfig_20160101" tests="5" failures="1" timestamp="13 дек 2018 17:43:08 GMT" time="0.06" errors="0">
  <testcase name="test1_2" time="0.01" classname="test.TestExample1">
    <failure type="java.lang.Error" message="Unresolved compilation problem: 
	Configuration cannot be resolved to a type
">
      <![CDATA[java.lang.Error: Unresolved compilation problem: 
Configuration cannot be resolved to a type

at test.TestExample1.test1_2(TestExample1.java:22)
... Removed 25 stack frames]]>
    </failure>
  </testcase> <!-- test1_2 -->
  <testcase name="test" time="0.0" classname="test.TestExample1TestTest2"/>
  <testcase name="test2_4" time="0.0" classname="test.TestExample2"/>
  <testcase name="test3_1" time="0.01" classname="test.TestExample3"/>
  <testcase name="test3_2" time="0.0" classname="test.TestExample3"/>
  <testcase name="test3_4" time="0.0" classname="test.TestExample3">
    <ignored/>
  </testcase> <!-- test3_4 -->
  <testcase name="test2_3" time="0.0" classname="test.TestExample2">
    <ignored/>
  </testcase> <!-- test2_3 -->
  <testcase name="test3_3" time="0.0" classname="test.TestExample3">
    <ignored/>
  </testcase> <!-- test3_3 -->
  <testcase name="test2_2" time="0.0" classname="test.TestExample2">
    <ignored/>
  </testcase> <!-- test2_2 -->
  <testcase name="test1_3" time="0.0" classname="test.TestExample1">
    <ignored/>
  </testcase> <!-- test1_3 -->
  <testcase name="test1_1" time="0.0" classname="test.TestExample1">
    <ignored/>
  </testcase> <!-- test1_1 -->
  <testcase name="test2_1" time="0.0" classname="test.TestExample2">
    <ignored/>
  </testcase> <!-- test2_1 -->
</testsuite> <!-- econfig_20160101 -->
